Loading netcdf-c/4.9.2--openmpi--4.1.6--nvhpc--23.11
  Loading requirement: bzip2/1.0.8--gcc--12.2.0-cc63fjd
    lz4/1.9.4--nvhpc--23.11-5h5hoio snappy/1.1.10--nvhpc--23.11-ozr5mpq
    zstd/1.5.5--gcc--12.2.0-h6hxgmk c-blosc/1.21.5--nvhpc--23.11-k6qwhp7
    libaec/1.0.6--nvhpc--23.11-mpahyfr

  This is RegCM development version
   GIT Revision: 5.0.0-944-g5801-dirty compiled at: data : Jun 10 2025  time: 16:15:29

 : this run start at  : 2025-06-13 15:02:59+0200
 : it is submitted by : 
 : it is running on   : lrdn2794.leonardo.local
 : it is using        :             4   processors
 : in directory       : 
 /leonardo/home/userexternal/ctica000/MS_thesis/RegCM/run
                       
 CPUS DIM1 =             4
 CPUS DIM2 =             1
 
 Reading model namelist file
 Using default microphysical parameter.
 Initial date of the global simulation:  1900-01-01 00:00:00 UTC        
 Initial date of this run             :  1900-01-01 00:00:00 UTC        
 Final date of this run               :  1900-01-11 00:00:00 UTC        
 Total simulation length              :           240  hours
 Timestep in seconds =   30.000000
 Advection timestep =    10.000 (factor  3)
 Max. Courant number for horizontal advection =    1.0607
 Sound waves timestep =     2.000 (factor  5)
 Courant number of horizontal sound waves =    0.5017
 Setting IPCC scenario to CONST   
 Selected value at year          1900
 Create SAV files :   F
 Create ATM files :   F
 Create RAD files :   F
 Create SRF files :   F
 Create STS files :   F
 Create SHF files :   F
 Monthly new files are created
 Monthly SAV files are written
 Frequency in hours to create ATM :    3.0
 Frequency in hours to create RAD :    3.0
 Frequency in hours to create SRF :    3.0
 Physical Parameterizations
  Lateral Boundary conditions :  0
  Semi-Lagrangian Advection   :  0
  Land cumulus conv. scheme   :  0
  Ocean cumulus conv. scheme  :  0
  Moisture schem              :  2
  Ocean Flux scheme           :  2
  Zeng roughness formula      :  1
  Zeng roughness method       :  1
  Coupling with ocean         :  0
  Coupling with wave          :  0
  Coupling with COP           :  0
  Pressure gradient force     :  0
  Prescribed LW emissivity    :  0
  Lake model in BATS          :  0
  Simulate diurnal sst cycle  :  0
  Simulate sea ice cover      :  0
  Enable chem/aerosol model   :  0
  Large scale LWP as convect. :  0
  Cloud fraction scheme       :  7
  Marine stratocumulus        :  0
  Climate O3 dataset          :  0
  Climate Aerosol dataset     :  0
 Model Timestep Pameterizations
  time step for dynamical model in seconds :          30.000000
  time step for surface   model in seconds :         600.000000
  time step for cumulus   model in seconds :         300.000000
  time step for radiation model in seconds :        1800.000000
  time step for emission  model in seconds :       64800.000000
Vertical level height profile: 
  1    46.60
  2   149.01
  3   265.05
  4   396.54
  5   545.55
  6   714.39
  7   905.71
  8  1122.51
  9  1368.17
 10  1646.54
 11  1961.98
 12  2319.42
 13  2724.45
 14  3183.41
 15  3703.47
 16  4292.79
 17  4960.57
 18  5717.27
 19  6574.71
 20  7546.33
 21  8647.32
 22  9894.90
 23 11308.59
 24 12910.51
 25 14725.73
 26 16782.64
 27 19113.43
 28 21754.55
 29 24747.34
 30 28138.62
 Model top at     30000.00000000000       m
 Domain grid parameters:
  Map Projection        : NORMER
  Dot Grid Full Extent  :  100x  50x 30
  Model Grid Spacing    :    2.000000 km
  Proj Center Latitude  :    0.000000 deg
  Proj Center longitude :   90.000000 deg
 Holtslag PBL Scheme
  ricr_ocn     =    0.250000
  ricr_lnd     =    0.250000
  zhnew_fac    =    0.250000
  ifaholt      =  0
  ifaholtth10  =  2
  holtth10iter =    1
 Cloud fraction schemes parameters
  # of bottom no cloud model levels :  1
  Maximum relative humidity         :    1.010000
  Minimum relative humidity         :    0.010000
  Maximum total cloud cover for rad :    1.000000
  Conv. CF UMF factor deep cumulus  :    0.140000
  Conv. CF UMF factor deep cumulus  :    0.140000
  Conv. CF UMF factor k2            :  500.000000
  Surface radiation hack            :           F
  Vavrus-Waliser Arctic cloud fix   :           T
 Convective Cloud Cover parameters after resolution scaling
  Maximum Convective Cloud Cover :    1.000000
  Convective Cloud Water         :    0.000300
 The surface energy budget is used to calculate the ground temperature.
 The radiation is computed every   30. minutes.
 The lateral boundary conditions are fixed.
 Successfully read in surface temperature.
  # Ozone profile #
    0.170E-04  0.141E-04  0.725E-05  0.207E-05  0.296E-06  0.195E-07  0.612E-09
    0.108E-10  0.100E-11  0.100E-11  0.100E-11  0.100E-11  0.100E-11  0.100E-11
    0.100E-11  0.100E-11  0.100E-11  0.100E-11  0.100E-11  0.100E-11  0.100E-11
    0.100E-11  0.100E-11  0.100E-11  0.100E-11  0.100E-11  0.100E-11  0.100E-11
    0.100E-11  0.100E-11  0.100E-11  0.100E-11
 At  1900-01-01 00:00:00 UTC        
 JDay      0.00000 solar zenith angle = 42.05 degrees
                   solar TSI irradiance    =     340.0000 W/m^2
 $$$  1900-01-01 03:00:00 UTC        
 $$$ max, min of ps (mb) =  1017.08 1017.07
 $$$  1900-01-01 06:00:00 UTC        
 $$$ max, min of ps (mb) =  1017.63 1017.63
 $$$  1900-01-01 09:00:00 UTC        
 $$$ max, min of ps (mb) =  1018.18 1018.18
 $$$  1900-01-01 12:00:00 UTC        
 $$$ max, min of ps (mb) =  1018.72 1018.72
 $$$  1900-01-01 15:00:00 UTC        
 $$$ max, min of ps (mb) =  1019.27 1019.27
 $$$  1900-01-01 18:00:00 UTC        
 $$$ max, min of ps (mb) =  1019.81 1019.79
 $$$  1900-01-01 21:00:00 UTC        
 $$$ max, min of ps (mb) =  1020.35 1020.20
 At  1900-01-02 00:00:00 UTC        
 JDay      1.00000 solar zenith angle = 42.05 degrees
                   solar TSI irradiance    =     340.0000 W/m^2
 $$$  1900-01-02 00:00:00 UTC        
 $$$ max, min of ps (mb) =  1020.70 1020.48
 $$$  1900-01-02 03:00:00 UTC        
 $$$ max, min of ps (mb) =  1021.13 1021.02
 $$$  1900-01-02 06:00:00 UTC        
 $$$ max, min of ps (mb) =  1021.64 1021.54
 $$$  1900-01-02 09:00:00 UTC        
 $$$ max, min of ps (mb) =  1022.24 1022.04
 $$$  1900-01-02 12:00:00 UTC        
 $$$ max, min of ps (mb) =  1022.68 1022.46
 $$$  1900-01-02 15:00:00 UTC        
 $$$ max, min of ps (mb) =  1022.92 1022.64
 $$$  1900-01-02 18:00:00 UTC        
 $$$ max, min of ps (mb) =  1023.22 1022.99
 $$$  1900-01-02 21:00:00 UTC        
 $$$ max, min of ps (mb) =  1023.53 1023.30
 At  1900-01-03 00:00:00 UTC        
 JDay      2.00000 solar zenith angle = 42.05 degrees
                   solar TSI irradiance    =     340.0000 W/m^2
 $$$  1900-01-03 00:00:00 UTC        
 $$$ max, min of ps (mb) =  1023.91 1023.60
 $$$  1900-01-03 03:00:00 UTC        
 $$$ max, min of ps (mb) =  1024.28 1023.92
 $$$  1900-01-03 06:00:00 UTC        
 $$$ max, min of ps (mb) =  1024.66 1024.27
 $$$  1900-01-03 09:00:00 UTC        
 $$$ max, min of ps (mb) =  1025.11 1024.81
 $$$  1900-01-03 12:00:00 UTC        
 $$$ max, min of ps (mb) =  1025.45 1024.65
 $$$  1900-01-03 15:00:00 UTC        
 $$$ max, min of ps (mb) =  1025.91 1025.28
 $$$  1900-01-03 18:00:00 UTC        
 $$$ max, min of ps (mb) =  1026.27 1025.40
 $$$  1900-01-03 21:00:00 UTC        
 $$$ max, min of ps (mb) =  1026.41 1025.65
 At  1900-01-04 00:00:00 UTC        
 JDay      3.00000 solar zenith angle = 42.05 degrees
                   solar TSI irradiance    =     340.0000 W/m^2
 $$$  1900-01-04 00:00:00 UTC        
 $$$ max, min of ps (mb) =  1026.76 1026.03
 $$$  1900-01-04 03:00:00 UTC        
 $$$ max, min of ps (mb) =  1026.95 1026.44
 $$$  1900-01-04 06:00:00 UTC        
 $$$ max, min of ps (mb) =  1027.28 1026.89
 $$$  1900-01-04 09:00:00 UTC        
 $$$ max, min of ps (mb) =  1027.70 1027.36
 $$$  1900-01-04 12:00:00 UTC        
 $$$ max, min of ps (mb) =  1028.11 1027.75
 $$$  1900-01-04 15:00:00 UTC        
 $$$ max, min of ps (mb) =  1028.46 1027.55
 $$$  1900-01-04 18:00:00 UTC        
 $$$ max, min of ps (mb) =  1028.80 1027.87
 $$$  1900-01-04 21:00:00 UTC        
 $$$ max, min of ps (mb) =  1029.06 1028.48
 At  1900-01-05 00:00:00 UTC        
 JDay      4.00000 solar zenith angle = 42.05 degrees
                   solar TSI irradiance    =     340.0000 W/m^2
 $$$  1900-01-05 00:00:00 UTC        
 $$$ max, min of ps (mb) =  1029.36 1028.83
 $$$  1900-01-05 03:00:00 UTC        
 $$$ max, min of ps (mb) =  1029.71 1029.39
 $$$  1900-01-05 06:00:00 UTC        
 $$$ max, min of ps (mb) =  1030.27 1029.48
 $$$  1900-01-05 09:00:00 UTC        
 $$$ max, min of ps (mb) =  1030.53 1030.10
 $$$  1900-01-05 12:00:00 UTC        
 $$$ max, min of ps (mb) =  1031.04 1030.34
 $$$  1900-01-05 15:00:00 UTC        
 $$$ max, min of ps (mb) =  1031.26 1030.44
 $$$  1900-01-05 18:00:00 UTC        
 $$$ max, min of ps (mb) =  1031.58 1030.68
 $$$  1900-01-05 21:00:00 UTC        
 $$$ max, min of ps (mb) =  1031.96 1031.25
 At  1900-01-06 00:00:00 UTC        
 JDay      5.00000 solar zenith angle = 42.05 degrees
                   solar TSI irradiance    =     340.0000 W/m^2
 $$$  1900-01-06 00:00:00 UTC        
 $$$ max, min of ps (mb) =  1032.27 1031.59
 $$$  1900-01-06 03:00:00 UTC        
 $$$ max, min of ps (mb) =  1032.55 1032.03
 $$$  1900-01-06 06:00:00 UTC        
 $$$ max, min of ps (mb) =  1032.94 1032.53
 $$$  1900-01-06 09:00:00 UTC        
 $$$ max, min of ps (mb) =  1033.28 1032.91
 $$$  1900-01-06 12:00:00 UTC        
 $$$ max, min of ps (mb) =  1033.64 1032.93
 $$$  1900-01-06 15:00:00 UTC        
 $$$ max, min of ps (mb) =  1034.05 1033.47
 $$$  1900-01-06 18:00:00 UTC        
 $$$ max, min of ps (mb) =  1034.35 1033.37
 $$$  1900-01-06 21:00:00 UTC        
 $$$ max, min of ps (mb) =  1034.79 1034.31
 At  1900-01-07 00:00:00 UTC        
 JDay      6.00000 solar zenith angle = 42.05 degrees
                   solar TSI irradiance    =     340.0000 W/m^2
 $$$  1900-01-07 00:00:00 UTC        
 $$$ max, min of ps (mb) =  1035.06 1034.37
 $$$  1900-01-07 03:00:00 UTC        
 $$$ max, min of ps (mb) =  1035.43 1035.01
 $$$  1900-01-07 06:00:00 UTC        
 $$$ max, min of ps (mb) =  1035.81 1035.35
 $$$  1900-01-07 09:00:00 UTC        
 $$$ max, min of ps (mb) =  1036.12 1035.40
 $$$  1900-01-07 12:00:00 UTC        
 $$$ max, min of ps (mb) =  1036.42 1035.80
 $$$  1900-01-07 15:00:00 UTC        
 $$$ max, min of ps (mb) =  1036.90 1036.19
 $$$  1900-01-07 18:00:00 UTC        
 $$$ max, min of ps (mb) =  1037.13 1036.52
 $$$  1900-01-07 21:00:00 UTC        
 $$$ max, min of ps (mb) =  1037.49 1037.02
 At  1900-01-08 00:00:00 UTC        
 JDay      7.00000 solar zenith angle = 42.05 degrees
                   solar TSI irradiance    =     340.0000 W/m^2
 $$$  1900-01-08 00:00:00 UTC        
 $$$ max, min of ps (mb) =  1037.81 1037.45
 $$$  1900-01-08 03:00:00 UTC        
 $$$ max, min of ps (mb) =  1038.16 1037.79
 $$$  1900-01-08 06:00:00 UTC        
 $$$ max, min of ps (mb) =  1038.52 1038.14
 $$$  1900-01-08 09:00:00 UTC        
 $$$ max, min of ps (mb) =  1038.88 1038.51
 $$$  1900-01-08 12:00:00 UTC        
 $$$ max, min of ps (mb) =  1039.23 1038.87
 $$$  1900-01-08 15:00:00 UTC        
 $$$ max, min of ps (mb) =  1039.59 1039.20
 $$$  1900-01-08 18:00:00 UTC        
 $$$ max, min of ps (mb) =  1039.94 1039.55
 $$$  1900-01-08 21:00:00 UTC        
 $$$ max, min of ps (mb) =  1040.30 1039.89
 At  1900-01-09 00:00:00 UTC        
 JDay      8.00000 solar zenith angle = 42.05 degrees
                   solar TSI irradiance    =     340.0000 W/m^2
 $$$  1900-01-09 00:00:00 UTC        
 $$$ max, min of ps (mb) =  1040.69 1040.24
 $$$  1900-01-09 03:00:00 UTC        
 $$$ max, min of ps (mb) =  1041.05 1040.61
 $$$  1900-01-09 06:00:00 UTC        
 $$$ max, min of ps (mb) =  1041.39 1040.95
 $$$  1900-01-09 09:00:00 UTC        
 $$$ max, min of ps (mb) =  1041.74 1041.29
 $$$  1900-01-09 12:00:00 UTC        
 $$$ max, min of ps (mb) =  1042.09 1041.68
 $$$  1900-01-09 15:00:00 UTC        
 $$$ max, min of ps (mb) =  1042.45 1042.05
 $$$  1900-01-09 18:00:00 UTC        
 $$$ max, min of ps (mb) =  1042.81 1042.43
 $$$  1900-01-09 21:00:00 UTC        
 $$$ max, min of ps (mb) =  1043.16 1042.80
 At  1900-01-10 00:00:00 UTC        
 JDay      9.00000 solar zenith angle = 42.05 degrees
                   solar TSI irradiance    =     340.0000 W/m^2
 $$$  1900-01-10 00:00:00 UTC        
 $$$ max, min of ps (mb) =  1043.52 1043.02
 $$$  1900-01-10 03:00:00 UTC        
 $$$ max, min of ps (mb) =  1043.86 1043.20
 $$$  1900-01-10 06:00:00 UTC        
 $$$ max, min of ps (mb) =  1044.21 1043.18
 $$$  1900-01-10 09:00:00 UTC        
 $$$ max, min of ps (mb) =  1044.70 1044.03
 $$$  1900-01-10 12:00:00 UTC        
 $$$ max, min of ps (mb) =  1044.89 1044.37
 $$$  1900-01-10 15:00:00 UTC        
 $$$ max, min of ps (mb) =  1045.19 1044.71
 $$$  1900-01-10 18:00:00 UTC        
 $$$ max, min of ps (mb) =  1045.55 1045.02
 $$$  1900-01-10 21:00:00 UTC        
 $$$ max, min of ps (mb) =  1045.89 1045.39
 At  1900-01-11 00:00:00 UTC        
 JDay     10.00000 solar zenith angle = 42.05 degrees
                   solar TSI irradiance    =     340.0000 W/m^2
 Final time  1900-01-11 00:00:00 UTC reached.
 Elapsed seconds of run for this final timeslice :     2517.923    
 : this run stops at  : 2025-06-13 15:44:57+0200
 : Run has been completed using             4  processors.
 : Total elapsed seconds of run :     2517.946113109589     
 RegCM V5 simulation successfully reached end
