FIO-F-225/list-directed read/internal file/lexical error-- unknown token type.
 In source file mod_regcm_interface.F90, at line number 398
FIO-F-225/list-directed read/internal file/lexical error-- unknown token type.
 In source file mod_regcm_interface.F90, at line number 398
FIO-F-225/list-directed read/internal file/lexical error-- unknown token type.
 In source file mod_regcm_interface.F90, at line number 398
FIO-F-225/list-directed read/internal file/lexical error-- unknown token type.
 In source file mod_regcm_interface.F90, at line number 398
FIO-F-225/list-directed read/internal file/lexical error-- unknown token type.
 In source file mod_regcm_interface.F90, at line number 398
FIO-F-225/list-directed read/internal file/lexical error-- unknown token type.
 In source file mod_regcm_interface.F90, at line number 398
FIO-F-225/list-directed read/internal file/lexical error-- unknown token type.
 In source file mod_regcm_interface.F90, at line number 398
FIO-F-225/list-directed read/internal file/lexical error-- unknown token type.
 In source file mod_regcm_interface.F90, at line number 398
srun: error: lrdn0592: tasks 5-7: Exited with exit code 127
srun: error: lrdn0592: task 4: Exited with exit code 127
srun: error: lrdn0586: tasks 0,2-3: Exited with exit code 127
srun: error: lrdn0586: task 1: Exited with exit code 127
